2020-05-09 18:20:16.983  INFO 19954 --- [main] c.g.GflightsApplication                  : Starting GflightsApplication on gautam-HP-Notebook with PID 19954 (/home/gautam/Downloads/Gflights/target/classes started by gautam in /home/gautam/Downloads/Gflights)
2020-05-09 18:20:17.045  INFO 19954 --- [main] c.g.GflightsApplication                  : No active profile set, falling back to default profiles: default
2020-05-09 18:20:21.325  INFO 19954 --- [main] .s.d.r.c.RepositoryConfigurationDelegate : Bootstrapping Spring Data JPA repositories in DEFAULT mode.
2020-05-09 18:20:21.376  INFO 19954 --- [main] .s.d.r.c.RepositoryConfigurationDelegate : Finished Spring Data repository scanning in 23ms. Found 0 JPA repository interfaces.
2020-05-09 18:20:23.579  INFO 19954 --- [main] o.s.b.w.e.t.TomcatWebServer              : Tomcat initialized with port(s): 8091 (http)
2020-05-09 18:20:23.645  INFO 19954 --- [main] o.a.c.c.StandardService                  : Starting service [Tomcat]
2020-05-09 18:20:23.648  INFO 19954 --- [main] o.a.c.c.StandardEngine                   : Starting Servlet engine: [Apache Tomcat/9.0.34]
2020-05-09 18:20:23.922  INFO 19954 --- [main] o.a.c.c.C.[.[.[/]                        : Initializing Spring embedded WebApplicationContext
2020-05-09 18:20:23.925  INFO 19954 --- [main] o.s.w.c.ContextLoader                    : Root WebApplicationContext: initialization completed in 6214 ms
2020-05-09 18:20:24.588  INFO 19954 --- [main] c.z.h.HikariDataSource                   : HikariPool-1 - Starting...
2020-05-09 18:20:27.069  INFO 19954 --- [main] c.z.h.HikariDataSource                   : HikariPool-1 - Start completed.
2020-05-09 18:20:27.350  INFO 19954 --- [main] o.h.j.i.u.LogHelper                      : HHH000204: Processing PersistenceUnitInfo [name: default]
2020-05-09 18:20:28.254  INFO 19954 --- [main] o.h.Version                              : HHH000412: Hibernate ORM core version 5.4.15.Final
2020-05-09 18:20:29.428  INFO 19954 --- [main] o.h.a.c.Version                          : HCANN000001: Hibernate Commons Annotations {5.1.0.Final}
2020-05-09 18:20:30.483  INFO 19954 --- [main] o.h.d.Dialect                            : HHH000400: Using dialect: org.hibernate.dialect.MySQL57Dialect
2020-05-09 18:20:31.001  INFO 19954 --- [main] o.h.e.t.j.p.i.JtaPlatformInitiator       : HHH000490: Using JtaPlatform implementation: [org.hibernate.engine.transaction.jta.platform.internal.NoJtaPlatform]
2020-05-09 18:20:31.022  INFO 19954 --- [main] j.LocalContainerEntityManagerFactoryBean : Initialized JPA EntityManagerFactory for persistence unit 'default'
2020-05-09 18:20:31.295  WARN 19954 --- [main] JpaBaseConfiguration$JpaWebConfiguration : spring.jpa.open-in-view is enabled by default. Therefore, database queries may be performed during view rendering. Explicitly configure spring.jpa.open-in-view to disable this warning
2020-05-09 18:20:32.085  INFO 19954 --- [main] o.s.s.c.ThreadPoolTaskExecutor           : Initializing ExecutorService 'applicationTaskExecutor'
2020-05-09 18:20:32.743  INFO 19954 --- [main] o.s.b.w.e.t.TomcatWebServer              : Tomcat started on port(s): 8091 (http) with context path ''
2020-05-09 18:20:32.747  INFO 19954 --- [main] c.g.GflightsApplication                  : Started GflightsApplication in 18.433 seconds (JVM running for 23.053)
2020-05-09 18:21:28.502  INFO 19954 --- [SpringContextShutdownHook] o.s.s.c.ThreadPoolTaskExecutor           : Shutting down ExecutorService 'applicationTaskExecutor'
2020-05-09 18:21:28.504  INFO 19954 --- [SpringContextShutdownHook] j.LocalContainerEntityManagerFactoryBean : Closing JPA EntityManagerFactory for persistence unit 'default'
2020-05-09 18:21:28.508  INFO 19954 --- [SpringContextShutdownHook] c.z.h.HikariDataSource                   : HikariPool-1 - Shutdown initiated...
2020-05-09 18:21:28.522  INFO 19954 --- [SpringContextShutdownHook] c.z.h.HikariDataSource                   : HikariPool-1 - Shutdown completed.
2020-05-09 18:27:17 [main] INFO  com.gautam.GflightsApplication - Starting GflightsApplication on gautam-HP-Notebook with PID 20132 (/home/gautam/Downloads/Gflights/target/classes started by gautam in /home/gautam/Downloads/Gflights)
2020-05-09 18:27:17 [main] INFO  com.gautam.GflightsApplication - No active profile set, falling back to default profiles: default
2020-05-09 18:27:18 [main] INFO  org.springframework.data.repository.config.RepositoryConfigurationDelegate - Bootstrapping Spring Data JPA repositories in DEFAULT mode.
2020-05-09 18:27:19 [main] INFO  org.springframework.data.repository.config.RepositoryConfigurationDelegate - Finished Spring Data repository scanning in 26ms. Found 0 JPA repository interfaces.
2020-05-09 18:27:20 [main] INFO  org.springframework.boot.web.embedded.tomcat.TomcatWebServer - Tomcat initialized with port(s): 8091 (http)
2020-05-09 18:27:20 [main] INFO  org.apache.catalina.core.StandardService - Starting service [Tomcat]
2020-05-09 18:27:20 [main] INFO  org.apache.catalina.core.StandardEngine - Starting Servlet engine: [Apache Tomcat/9.0.34]
2020-05-09 18:27:20 [main] INFO  org.apache.catalina.core.ContainerBase.[Tomcat].[localhost].[/] - Initializing Spring embedded WebApplicationContext
2020-05-09 18:27:20 [main] INFO  org.springframework.web.context.ContextLoader - Root WebApplicationContext: initialization completed in 2898 ms
2020-05-09 18:27:21 [main] INFO  com.zaxxer.hikari.HikariDataSource - HikariPool-1 - Starting...
2020-05-09 18:27:21 [main] INFO  com.zaxxer.hikari.HikariDataSource - HikariPool-1 - Start completed.
2020-05-09 18:27:22 [main] INFO  org.hibernate.jpa.internal.util.LogHelper - HHH000204: Processing PersistenceUnitInfo [name: default]
2020-05-09 18:27:22 [main] INFO  org.hibernate.Version - HHH000412: Hibernate ORM core version 5.4.15.Final
2020-05-09 18:27:22 [main] INFO  org.hibernate.annotations.common.Version - HCANN000001: Hibernate Commons Annotations {5.1.0.Final}
2020-05-09 18:27:22 [main] INFO  org.hibernate.dialect.Dialect - HHH000400: Using dialect: org.hibernate.dialect.MySQL57Dialect
2020-05-09 18:27:23 [main] INFO  org.hibernate.engine.transaction.jta.platform.internal.JtaPlatformInitiator - HHH000490: Using JtaPlatform implementation: [org.hibernate.engine.transaction.jta.platform.internal.NoJtaPlatform]
2020-05-09 18:27:23 [main] INFO  org.springframework.orm.jpa.LocalContainerEntityManagerFactoryBean - Initialized JPA EntityManagerFactory for persistence unit 'default'
2020-05-09 18:27:23 [main] WARN  org.springframework.boot.autoconfigure.orm.jpa.JpaBaseConfiguration$JpaWebConfiguration - spring.jpa.open-in-view is enabled by default. Therefore, database queries may be performed during view rendering. Explicitly configure spring.jpa.open-in-view to disable this warning
2020-05-09 18:27:24 [main] INFO  org.springframework.scheduling.concurrent.ThreadPoolTaskExecutor - Initializing ExecutorService 'applicationTaskExecutor'
2020-05-09 18:27:25 [main] INFO  org.springframework.boot.web.embedded.tomcat.TomcatWebServer - Tomcat started on port(s): 8091 (http) with context path ''
2020-05-09 18:27:25 [main] INFO  com.gautam.GflightsApplication - Started GflightsApplication in 8.567 seconds (JVM running for 9.507)
2020-05-09 18:28:48 [main] ERROR com.gautam.utility.LoggingAspect - Service.ADMIN_LOGIN_FAILED
java.lang.Exception: Service.ADMIN_LOGIN_FAILED
	at com.gautam.service.AdminServiceImpl.validateAdmin(AdminServiceImpl.java:19) ~[classes/:?]
	at com.gautam.service.AdminServiceImpl$$FastClassBySpringCGLIB$$a5bcb45b.invoke(<generated>) ~[classes/:?]
	at org.springframework.cglib.proxy.MethodProxy.invoke(MethodProxy.java:218) ~[spring-core-5.2.6.RELEASE.jar:5.2.6.RELEASE]
	at org.springframework.aop.framework.CglibAopProxy$CglibMethodInvocation.invokeJoinpoint(CglibAopProxy.java:771) ~[spring-aop-5.2.6.RELEASE.jar:5.2.6.RELEASE]
	at org.springframework.aop.framework.ReflectiveMethodInvocation.proceed(ReflectiveMethodInvocation.java:163) ~[spring-aop-5.2.6.RELEASE.jar:5.2.6.RELEASE]
	at org.springframework.aop.framework.CglibAopProxy$CglibMethodInvocation.proceed(CglibAopProxy.java:749) ~[spring-aop-5.2.6.RELEASE.jar:5.2.6.RELEASE]
	at org.springframework.aop.aspectj.AspectJAfterThrowingAdvice.invoke(AspectJAfterThrowingAdvice.java:62) ~[spring-aop-5.2.6.RELEASE.jar:5.2.6.RELEASE]
	at org.springframework.aop.framework.ReflectiveMethodInvocation.proceed(ReflectiveMethodInvocation.java:186) ~[spring-aop-5.2.6.RELEASE.jar:5.2.6.RELEASE]
	at org.springframework.aop.framework.CglibAopProxy$CglibMethodInvocation.proceed(CglibAopProxy.java:749) ~[spring-aop-5.2.6.RELEASE.jar:5.2.6.RELEASE]
	at org.springframework.transaction.interceptor.TransactionAspectSupport.invokeWithinTransaction(TransactionAspectSupport.java:366) [spring-tx-5.2.6.RELEASE.jar:5.2.6.RELEASE]
	at org.springframework.transaction.interceptor.TransactionInterceptor.invoke(TransactionInterceptor.java:118) [spring-tx-5.2.6.RELEASE.jar:5.2.6.RELEASE]
	at org.springframework.aop.framework.ReflectiveMethodInvocation.proceed(ReflectiveMethodInvocation.java:186) [spring-aop-5.2.6.RELEASE.jar:5.2.6.RELEASE]
	at org.springframework.aop.framework.CglibAopProxy$CglibMethodInvocation.proceed(CglibAopProxy.java:749) [spring-aop-5.2.6.RELEASE.jar:5.2.6.RELEASE]
	at org.springframework.aop.interceptor.ExposeInvocationInterceptor.invoke(ExposeInvocationInterceptor.java:95) [spring-aop-5.2.6.RELEASE.jar:5.2.6.RELEASE]
	at org.springframework.aop.framework.ReflectiveMethodInvocation.proceed(ReflectiveMethodInvocation.java:186) [spring-aop-5.2.6.RELEASE.jar:5.2.6.RELEASE]
	at org.springframework.aop.framework.CglibAopProxy$CglibMethodInvocation.proceed(CglibAopProxy.java:749) [spring-aop-5.2.6.RELEASE.jar:5.2.6.RELEASE]
	at org.springframework.aop.framework.CglibAopProxy$DynamicAdvisedInterceptor.intercept(CglibAopProxy.java:691) [spring-aop-5.2.6.RELEASE.jar:5.2.6.RELEASE]
	at com.gautam.service.AdminServiceImpl$$EnhancerBySpringCGLIB$$fda29f24.validateAdmin(<generated>) [classes/:?]
	at com.gautam.GflightsApplication.adminLogin(GflightsApplication.java:47) [classes/:?]
	at com.gautam.GflightsApplication.run(GflightsApplication.java:35) [classes/:?]
	at org.springframework.boot.SpringApplication.callRunner(SpringApplication.java:784) [spring-boot-2.2.7.RELEASE.jar:2.2.7.RELEASE]
	at org.springframework.boot.SpringApplication.callRunners(SpringApplication.java:768) [spring-boot-2.2.7.RELEASE.jar:2.2.7.RELEASE]
	at org.springframework.boot.SpringApplication.run(SpringApplication.java:322) [spring-boot-2.2.7.RELEASE.jar:2.2.7.RELEASE]
	at org.springframework.boot.SpringApplication.run(SpringApplication.java:1226) [spring-boot-2.2.7.RELEASE.jar:2.2.7.RELEASE]
	at org.springframework.boot.SpringApplication.run(SpringApplication.java:1215) [spring-boot-2.2.7.RELEASE.jar:2.2.7.RELEASE]
	at com.gautam.GflightsApplication.main(GflightsApplication.java:26) [classes/:?]
2020-05-09 18:30:06 [main] INFO  org.springframework.boot.autoconfigure.logging.ConditionEvaluationReportLoggingListener - 

Error starting ApplicationContext. To display the conditions report re-run your application with 'debug' enabled.
2020-05-09 18:30:06 [main] ERROR org.springframework.boot.SpringApplication - Application run failed
java.lang.IllegalStateException: Failed to execute CommandLineRunner
	at org.springframework.boot.SpringApplication.callRunner(SpringApplication.java:787) [spring-boot-2.2.7.RELEASE.jar:2.2.7.RELEASE]
	at org.springframework.boot.SpringApplication.callRunners(SpringApplication.java:768) [spring-boot-2.2.7.RELEASE.jar:2.2.7.RELEASE]
	at org.springframework.boot.SpringApplication.run(SpringApplication.java:322) [spring-boot-2.2.7.RELEASE.jar:2.2.7.RELEASE]
	at org.springframework.boot.SpringApplication.run(SpringApplication.java:1226) [spring-boot-2.2.7.RELEASE.jar:2.2.7.RELEASE]
	at org.springframework.boot.SpringApplication.run(SpringApplication.java:1215) [spring-boot-2.2.7.RELEASE.jar:2.2.7.RELEASE]
	at com.gautam.GflightsApplication.main(GflightsApplication.java:26) [classes/:?]
Caused by: java.util.NoSuchElementException
	at java.util.Scanner.throwFor(Scanner.java:862) ~[?:1.8.0_252]
	at java.util.Scanner.next(Scanner.java:1485) ~[?:1.8.0_252]
	at java.util.Scanner.nextInt(Scanner.java:2117) ~[?:1.8.0_252]
	at java.util.Scanner.nextInt(Scanner.java:2076) ~[?:1.8.0_252]
	at com.gautam.GflightsApplication.run(GflightsApplication.java:33) ~[classes/:?]
	at org.springframework.boot.SpringApplication.callRunner(SpringApplication.java:784) ~[spring-boot-2.2.7.RELEASE.jar:2.2.7.RELEASE]
	... 5 more
2020-05-09 18:30:06 [SpringContextShutdownHook] INFO  org.springframework.scheduling.concurrent.ThreadPoolTaskExecutor - Shutting down ExecutorService 'applicationTaskExecutor'
2020-05-09 18:30:06 [SpringContextShutdownHook] INFO  org.springframework.orm.jpa.LocalContainerEntityManagerFactoryBean - Closing JPA EntityManagerFactory for persistence unit 'default'
2020-05-09 18:30:06 [SpringContextShutdownHook] INFO  com.zaxxer.hikari.HikariDataSource - HikariPool-1 - Shutdown initiated...
2020-05-09 18:30:06 [SpringContextShutdownHook] INFO  com.zaxxer.hikari.HikariDataSource - HikariPool-1 - Shutdown completed.
2020-05-09 18:30:12 [main] INFO  com.gautam.GflightsApplication - Starting GflightsApplication on gautam-HP-Notebook with PID 20217 (/home/gautam/Downloads/Gflights/target/classes started by gautam in /home/gautam/Downloads/Gflights)
2020-05-09 18:30:12 [main] INFO  com.gautam.GflightsApplication - No active profile set, falling back to default profiles: default
2020-05-09 18:30:14 [main] INFO  org.springframework.data.repository.config.RepositoryConfigurationDelegate - Bootstrapping Spring Data JPA repositories in DEFAULT mode.
2020-05-09 18:30:14 [main] INFO  org.springframework.data.repository.config.RepositoryConfigurationDelegate - Finished Spring Data repository scanning in 26ms. Found 0 JPA repository interfaces.
2020-05-09 18:30:15 [main] INFO  org.springframework.boot.web.embedded.tomcat.TomcatWebServer - Tomcat initialized with port(s): 8091 (http)
2020-05-09 18:30:15 [main] INFO  org.apache.catalina.core.StandardService - Starting service [Tomcat]
2020-05-09 18:30:15 [main] INFO  org.apache.catalina.core.StandardEngine - Starting Servlet engine: [Apache Tomcat/9.0.34]
2020-05-09 18:30:15 [main] INFO  org.apache.catalina.core.ContainerBase.[Tomcat].[localhost].[/] - Initializing Spring embedded WebApplicationContext
2020-05-09 18:30:15 [main] INFO  org.springframework.web.context.ContextLoader - Root WebApplicationContext: initialization completed in 2680 ms
2020-05-09 18:30:15 [main] INFO  com.zaxxer.hikari.HikariDataSource - HikariPool-1 - Starting...
2020-05-09 18:30:16 [main] INFO  com.zaxxer.hikari.HikariDataSource - HikariPool-1 - Start completed.
2020-05-09 18:30:16 [main] INFO  org.hibernate.jpa.internal.util.LogHelper - HHH000204: Processing PersistenceUnitInfo [name: default]
2020-05-09 18:30:16 [main] INFO  org.hibernate.Version - HHH000412: Hibernate ORM core version 5.4.15.Final
2020-05-09 18:30:17 [main] INFO  org.hibernate.annotations.common.Version - HCANN000001: Hibernate Commons Annotations {5.1.0.Final}
2020-05-09 18:30:17 [main] INFO  org.hibernate.dialect.Dialect - HHH000400: Using dialect: org.hibernate.dialect.MySQL57Dialect
2020-05-09 18:30:17 [main] INFO  org.hibernate.engine.transaction.jta.platform.internal.JtaPlatformInitiator - HHH000490: Using JtaPlatform implementation: [org.hibernate.engine.transaction.jta.platform.internal.NoJtaPlatform]
2020-05-09 18:30:17 [main] INFO  org.springframework.orm.jpa.LocalContainerEntityManagerFactoryBean - Initialized JPA EntityManagerFactory for persistence unit 'default'
2020-05-09 18:30:18 [main] WARN  org.springframework.boot.autoconfigure.orm.jpa.JpaBaseConfiguration$JpaWebConfiguration - spring.jpa.open-in-view is enabled by default. Therefore, database queries may be performed during view rendering. Explicitly configure spring.jpa.open-in-view to disable this warning
2020-05-09 18:30:18 [main] INFO  org.springframework.scheduling.concurrent.ThreadPoolTaskExecutor - Initializing ExecutorService 'applicationTaskExecutor'
2020-05-09 18:30:19 [main] INFO  org.springframework.boot.web.embedded.tomcat.TomcatWebServer - Tomcat started on port(s): 8091 (http) with context path ''
2020-05-09 18:30:19 [main] INFO  com.gautam.GflightsApplication - Started GflightsApplication in 7.176 seconds (JVM running for 8.216)
2020-May-09 18:33:20 PM [main] ERROR org.springframework.boot.diagnostics.LoggingFailureAnalysisReporter - 

***************************
APPLICATION FAILED TO START
***************************

Description:

Web server failed to start. Port 8091 was already in use.

Action:

Identify and stop the process that's listening on port 8091 or configure this application to listen on another port.

2020-05-09 18:34:16 [main] INFO  org.springframework.boot.autoconfigure.logging.ConditionEvaluationReportLoggingListener - 

Error starting ApplicationContext. To display the conditions report re-run your application with 'debug' enabled.
2020-05-09 18:34:16 [SpringContextShutdownHook] INFO  org.springframework.scheduling.concurrent.ThreadPoolTaskExecutor - Shutting down ExecutorService 'applicationTaskExecutor'
2020-05-09 18:34:16 [SpringContextShutdownHook] INFO  org.springframework.orm.jpa.LocalContainerEntityManagerFactoryBean - Closing JPA EntityManagerFactory for persistence unit 'default'
2020-05-09 18:34:16 [SpringContextShutdownHook] INFO  com.zaxxer.hikari.HikariDataSource - HikariPool-1 - Shutdown initiated...
2020-05-09 18:34:16 [SpringContextShutdownHook] INFO  com.zaxxer.hikari.HikariDataSource - HikariPool-1 - Shutdown completed.
2020-05-09 18:34:16 [main] ERROR org.springframework.boot.SpringApplication - Application run failed
java.lang.IllegalStateException: Failed to execute CommandLineRunner
	at org.springframework.boot.SpringApplication.callRunner(SpringApplication.java:787) [spring-boot-2.2.7.RELEASE.jar:2.2.7.RELEASE]
	at org.springframework.boot.SpringApplication.callRunners(SpringApplication.java:768) [spring-boot-2.2.7.RELEASE.jar:2.2.7.RELEASE]
	at org.springframework.boot.SpringApplication.run(SpringApplication.java:322) [spring-boot-2.2.7.RELEASE.jar:2.2.7.RELEASE]
	at org.springframework.boot.SpringApplication.run(SpringApplication.java:1226) [spring-boot-2.2.7.RELEASE.jar:2.2.7.RELEASE]
	at org.springframework.boot.SpringApplication.run(SpringApplication.java:1215) [spring-boot-2.2.7.RELEASE.jar:2.2.7.RELEASE]
	at com.gautam.GflightsApplication.main(GflightsApplication.java:26) [classes/:?]
Caused by: java.util.NoSuchElementException
	at java.util.Scanner.throwFor(Scanner.java:862) ~[?:1.8.0_252]
	at java.util.Scanner.next(Scanner.java:1485) ~[?:1.8.0_252]
	at java.util.Scanner.nextInt(Scanner.java:2117) ~[?:1.8.0_252]
	at java.util.Scanner.nextInt(Scanner.java:2076) ~[?:1.8.0_252]
	at com.gautam.GflightsApplication.run(GflightsApplication.java:33) ~[classes/:?]
	at org.springframework.boot.SpringApplication.callRunner(SpringApplication.java:784) ~[spring-boot-2.2.7.RELEASE.jar:2.2.7.RELEASE]
	... 5 more
2020-May-09 18:34:53 PM [main] ERROR com.gautam.utility.LoggingAspect - Service.ADMIN_LOGIN_FAILED
java.lang.Exception: Service.ADMIN_LOGIN_FAILED
	at com.gautam.service.AdminServiceImpl.validateAdmin(AdminServiceImpl.java:19) ~[classes/:?]
	at com.gautam.service.AdminServiceImpl$$FastClassBySpringCGLIB$$a5bcb45b.invoke(<generated>) ~[classes/:?]
	at org.springframework.cglib.proxy.MethodProxy.invoke(MethodProxy.java:218) ~[spring-core-5.2.6.RELEASE.jar:5.2.6.RELEASE]
	at org.springframework.aop.framework.CglibAopProxy$CglibMethodInvocation.invokeJoinpoint(CglibAopProxy.java:771) ~[spring-aop-5.2.6.RELEASE.jar:5.2.6.RELEASE]
	at org.springframework.aop.framework.ReflectiveMethodInvocation.proceed(ReflectiveMethodInvocation.java:163) ~[spring-aop-5.2.6.RELEASE.jar:5.2.6.RELEASE]
	at org.springframework.aop.framework.CglibAopProxy$CglibMethodInvocation.proceed(CglibAopProxy.java:749) ~[spring-aop-5.2.6.RELEASE.jar:5.2.6.RELEASE]
	at org.springframework.aop.aspectj.AspectJAfterThrowingAdvice.invoke(AspectJAfterThrowingAdvice.java:62) ~[spring-aop-5.2.6.RELEASE.jar:5.2.6.RELEASE]
	at org.springframework.aop.framework.ReflectiveMethodInvocation.proceed(ReflectiveMethodInvocation.java:186) ~[spring-aop-5.2.6.RELEASE.jar:5.2.6.RELEASE]
	at org.springframework.aop.framework.CglibAopProxy$CglibMethodInvocation.proceed(CglibAopProxy.java:749) ~[spring-aop-5.2.6.RELEASE.jar:5.2.6.RELEASE]
	at org.springframework.transaction.interceptor.TransactionAspectSupport.invokeWithinTransaction(TransactionAspectSupport.java:366) [spring-tx-5.2.6.RELEASE.jar:5.2.6.RELEASE]
	at org.springframework.transaction.interceptor.TransactionInterceptor.invoke(TransactionInterceptor.java:118) [spring-tx-5.2.6.RELEASE.jar:5.2.6.RELEASE]
	at org.springframework.aop.framework.ReflectiveMethodInvocation.proceed(ReflectiveMethodInvocation.java:186) [spring-aop-5.2.6.RELEASE.jar:5.2.6.RELEASE]
	at org.springframework.aop.framework.CglibAopProxy$CglibMethodInvocation.proceed(CglibAopProxy.java:749) [spring-aop-5.2.6.RELEASE.jar:5.2.6.RELEASE]
	at org.springframework.aop.interceptor.ExposeInvocationInterceptor.invoke(ExposeInvocationInterceptor.java:95) [spring-aop-5.2.6.RELEASE.jar:5.2.6.RELEASE]
	at org.springframework.aop.framework.ReflectiveMethodInvocation.proceed(ReflectiveMethodInvocation.java:186) [spring-aop-5.2.6.RELEASE.jar:5.2.6.RELEASE]
	at org.springframework.aop.framework.CglibAopProxy$CglibMethodInvocation.proceed(CglibAopProxy.java:749) [spring-aop-5.2.6.RELEASE.jar:5.2.6.RELEASE]
	at org.springframework.aop.framework.CglibAopProxy$DynamicAdvisedInterceptor.intercept(CglibAopProxy.java:691) [spring-aop-5.2.6.RELEASE.jar:5.2.6.RELEASE]
	at com.gautam.service.AdminServiceImpl$$EnhancerBySpringCGLIB$$c259169e.validateAdmin(<generated>) [classes/:?]
	at com.gautam.GflightsApplication.adminLogin(GflightsApplication.java:47) [classes/:?]
	at com.gautam.GflightsApplication.run(GflightsApplication.java:35) [classes/:?]
	at org.springframework.boot.SpringApplication.callRunner(SpringApplication.java:784) [spring-boot-2.2.7.RELEASE.jar:2.2.7.RELEASE]
	at org.springframework.boot.SpringApplication.callRunners(SpringApplication.java:768) [spring-boot-2.2.7.RELEASE.jar:2.2.7.RELEASE]
	at org.springframework.boot.SpringApplication.run(SpringApplication.java:322) [spring-boot-2.2.7.RELEASE.jar:2.2.7.RELEASE]
	at org.springframework.boot.SpringApplication.run(SpringApplication.java:1226) [spring-boot-2.2.7.RELEASE.jar:2.2.7.RELEASE]
	at org.springframework.boot.SpringApplication.run(SpringApplication.java:1215) [spring-boot-2.2.7.RELEASE.jar:2.2.7.RELEASE]
	at com.gautam.GflightsApplication.main(GflightsApplication.java:26) [classes/:?]
